SF:./test/fixtures/coverage-subfolder/a/src/Foo.js
DA:1,1
DA:4,1
DA:5,17
DA:8,8
DA:13,1
DA:14,3
DA:15,3
DA:16,3
DA:19,1
DA:20,9
DA:21,17
DA:24,9
DA:25,1
DA:28,8
DA:33,1
DA:34,9
DA:37,1
BRDA:24,1,0,-
BRDA:24,1,1,8
BRDA:24,1,2,-
end_of_record
SF:./test/fixtures/coverage-subfolder/a/src/index.js
DA:1,1
end_of_record
SF:./test/fixtures/coverage-subfolder/b/src/Foo.js
DA:1,1
DA:4,1
DA:5,17
DA:8,8
DA:13,1
DA:14,3
DA:15,3
DA:16,3
DA:19,1
DA:20,9
DA:21,17
DA:24,9
DA:25,1
DA:28,8
DA:33,1
DA:34,9
DA:37,1
BRDA:24,1,0,2
BRDA:24,1,1,8
BRDA:24,1,2,-
end_of_record
SF:./test/fixtures/coverage-subfolder/b/src/index.js
DA:1,1
end_of_record
